<?xml version="1.0" encoding="UTF-8"?>
<!-- Generated by org.testng.reporters.JUnitXMLReporter -->
<testsuite ignored="0" hostname="Nagur" failures="0" tests="4" name="Default test" time="0.09" errors="0" timestamp="2023-08-09T14:33:03 IST">
  <testcase classname="TestScenarios.ReporterDemo" name="ReporterTest1" time="0.015"/>
  <testcase classname="TestScenarios.ReporterDemo" name="ReporterTest2" time="0.002"/>
  <testcase classname="TestScenarios.ReporterDemo" name="ReporterTest3" time="0.005"/>
  <testcase classname="TestScenarios.ReporterDemo" name="ReporterTest4" time="0.002"/>
</testsuite> <!-- Default test -->
