<?xml version="1.0" encoding="UTF-8"?>
<!-- Generated by org.testng.reporters.JUnitXMLReporter -->
<testsuite ignored="0" hostname="Nagur" failures="0" tests="4" name="Test" time="0.054" errors="0" timestamp="2023-08-09T14:38:07 IST">
  <testcase classname="TestScenarios.ReporterDemo" name="ReporterTest1" time="0.008"/>
  <testcase classname="TestScenarios.ReporterDemo" name="ReporterTest2" time="0.001"/>
  <testcase classname="TestScenarios.ReporterDemo" name="ReporterTest3" time="0.0"/>
  <testcase classname="TestScenarios.ReporterDemo" name="ReporterTest4" time="0.0"/>
</testsuite> <!-- Test -->
